<?xml version="1.0" encoding="UTF-8"?>
<testsuite name="com.fn42.assessment.AssessmentApplicationTests" tests="1" skipped="0" failures="0" errors="0" timestamp="2025-07-28T07:08:12.781Z" hostname="Vaishalis-MacBook-Pro.local" time="0.784">
  <properties/>
  <testcase name="contextLoads()" classname="com.fn42.assessment.AssessmentApplicationTests" time="0.784"/>
  <system-out><![CDATA[12:38:07.059 [Test worker] INFO org.springframework.test.context.support.AnnotationConfigContextLoaderUtils -- Could not detect default configuration classes for test class [com.fn42.assessment.AssessmentApplicationTests]: AssessmentApplicationTests does not declare any static, non-private, non-final, nested classes annotated with @Configuration.
12:38:07.223 [Test worker] INFO org.springframework.boot.test.context.SpringBootTestContextBootstrapper -- Found @SpringBootConfiguration com.fn42.assessment.AssessmentApplication for test class com.fn42.assessment.AssessmentApplicationTests

  .   ____          _            __ _ _
 /\\ / ___'_ __ _ _(_)_ __  __ _ \ \ \ \
( ( )\___ | '_ | '_| | '_ \/ _` | \ \ \ \
 \\/  ___)| |_)| | | | | || (_| |  ) ) ) )
  '  |____| .__|_| |_|_| |_\__, | / / / /
 =========|_|==============|___/=/_/_/_/
 :: Spring Boot ::                (v3.2.0)

2025-07-28T12:38:07.771+05:30  INFO 57999 --- [assessment] [    Test worker] c.f.a.AssessmentApplicationTests         : Starting AssessmentApplicationTests using Java 17.0.9 with PID 57999 (started by keshavs in /Users/keshavs/Documents/assessment)
2025-07-28T12:38:07.774+05:30  INFO 57999 --- [assessment] [    Test worker] c.f.a.AssessmentApplicationTests         : No active profile set, falling back to 1 default profile: "default"
2025-07-28T12:38:08.557+05:30  INFO 57999 --- [assessment] [    Test worker] .s.d.r.c.RepositoryConfigurationDelegate : Bootstrapping Spring Data JPA repositories in DEFAULT mode.
2025-07-28T12:38:08.617+05:30  INFO 57999 --- [assessment] [    Test worker] .s.d.r.c.RepositoryConfigurationDelegate : Finished Spring Data repository scanning in 49 ms. Found 1 JPA repository interface.
2025-07-28T12:38:09.212+05:30  INFO 57999 --- [assessment] [    Test worker] o.hibernate.jpa.internal.util.LogHelper  : HHH000204: Processing PersistenceUnitInfo [name: default]
2025-07-28T12:38:09.312+05:30  INFO 57999 --- [assessment] [    Test worker] org.hibernate.Version                    : HHH000412: Hibernate ORM core version 6.3.1.Final
2025-07-28T12:38:09.376+05:30  INFO 57999 --- [assessment] [    Test worker] o.h.c.internal.RegionFactoryInitiator    : HHH000026: Second-level cache disabled
2025-07-28T12:38:09.705+05:30  INFO 57999 --- [assessment] [    Test worker] o.s.o.j.p.SpringPersistenceUnitInfo      : No LoadTimeWeaver setup: ignoring JPA class transformer
2025-07-28T12:38:09.741+05:30  INFO 57999 --- [assessment] [    Test worker] com.zaxxer.hikari.HikariDataSource       : HikariPool-1 - Starting...
2025-07-28T12:38:10.177+05:30  INFO 57999 --- [assessment] [    Test worker] com.zaxxer.hikari.pool.HikariPool        : HikariPool-1 - Added connection com.mysql.cj.jdbc.ConnectionImpl@6b7c4734
2025-07-28T12:38:10.179+05:30  INFO 57999 --- [assessment] [    Test worker] com.zaxxer.hikari.HikariDataSource       : HikariPool-1 - Start completed.
2025-07-28T12:38:10.243+05:30  WARN 57999 --- [assessment] [    Test worker] org.hibernate.orm.deprecation            : HHH90000025: MySQL8Dialect does not need to be specified explicitly using 'hibernate.dialect' (remove the property setting and it will be selected by default)
2025-07-28T12:38:10.243+05:30  WARN 57999 --- [assessment] [    Test worker] org.hibernate.orm.deprecation            : HHH90000026: MySQL8Dialect has been deprecated; use org.hibernate.dialect.MySQLDialect instead
2025-07-28T12:38:11.311+05:30  INFO 57999 --- [assessment] [    Test worker] o.h.e.t.j.p.i.JtaPlatformInitiator       : HHH000489: No JTA platform available (set 'hibernate.transaction.jta.platform' to enable JTA platform integration)
2025-07-28T12:38:11.439+05:30  INFO 57999 --- [assessment] [    Test worker] j.LocalContainerEntityManagerFactoryBean : Initialized JPA EntityManagerFactory for persistence unit 'default'
2025-07-28T12:38:12.121+05:30  WARN 57999 --- [assessment] [    Test worker] JpaBaseConfiguration$JpaWebConfiguration : spring.jpa.open-in-view is enabled by default. Therefore, database queries may be performed during view rendering. Explicitly configure spring.jpa.open-in-view to disable this warning
2025-07-28T12:38:12.762+05:30  INFO 57999 --- [assessment] [    Test worker] c.f.a.AssessmentApplicationTests         : Started AssessmentApplicationTests in 5.322 seconds (process running for 7.245)
]]></system-out>
  <system-err><![CDATA[]]></system-err>
</testsuite>
